
> time-tracker@1.0.0 electron:dist /home/faizan/learning_playground/work-time-calculator
> next build && electron-builder --linux deb

  ▲ Next.js 14.2.35

   Creating an optimized production build ...

warn - The class `duration-[1500ms]` is ambiguous and matches multiple utilities.
warn - If this is content and not a class, replace it with `duration-&lsqb;1500ms&rsqb;` to silence this warning.
 ✓ Compiled successfully
   Linting and checking validity of types ...
   Collecting page data ...
   Generating static pages (0/9) ...
   Generating static pages (2/9) 
   Generating static pages (4/9) 
   Generating static pages (6/9) 
 ✓ Generating static pages (9/9)
   Finalizing page optimization ...
   Collecting build traces ...

Route (app)                              Size     First Load JS
┌ ○ /                                    15.5 kB         174 kB
├ ○ /_not-found                          871 B          88.1 kB
├ ○ /changelog                           3.31 kB        99.3 kB
├ ○ /kanban                              8.03 kB         161 kB
├ ○ /todo                                7.64 kB         122 kB
└ ○ /your-day                            14.1 kB         183 kB
+ First Load JS shared by all            87.2 kB
  ├ chunks/222-9ff5a6e2dcb472b0.js       31.7 kB
  ├ chunks/dbae917e-a4a8638dc0db4f65.js  53.6 kB
  └ other shared chunks (total)          1.9 kB


○  (Static)  prerendered as static content

  • electron-builder  version=25.1.8 os=6.8.0-106-generic
  • loaded configuration  file=package.json ("build" field)
  • skipped dependencies rebuild  reason=npmRebuild is set to false
  • packaging       platform=linux arch=x64 electron=33.4.11 appOutDir=dist-electron/linux-unpacked
  • downloading     url=https://github.com/electron/electron/releases/download/v33.4.11/electron-v33.4.11-linux-x64.zip size=106 MB parts=8
  • downloaded      url=https://github.com/electron/electron/releases/download/v33.4.11/electron-v33.4.11-linux-x64.zip duration=16.636s
  • building        target=deb arch=x64 file=dist-electron/time-tracker_1.0.0_amd64.deb
  • adding autoupdate files for: deb. (Beta feature)  resourceDir=dist-electron/linux-unpacked/resources
  • downloading     url=https://github.com/electron-userland/electron-builder-binaries/releases/download/fpm-1.9.3-2.3.1-linux-x86_64/fpm-1.9.3-2.3.1-linux-x86_64.7z size=5.0 MB parts=1
  • downloaded      url=https://github.com/electron-userland/electron-builder-binaries/releases/download/fpm-1.9.3-2.3.1-linux-x86_64/fpm-1.9.3-2.3.1-linux-x86_64.7z duration=2.004s
